<?xml version="1.0" encoding="utf-8"?><testsuites name="pytest tests"><testsuite name="pytest" errors="0" failures="0" skipped="0" tests="49" time="90.197" timestamp="2026-07-18T12:44:33.298794+00:00" hostname="agent-env-8504a3b0-b510-4ece-9736-50029f8ddfbe"><testcase classname="tests.backend_test.TestAuth" name="test_health" time="0.113" /><testcase classname="tests.backend_test.TestAuth" name="test_register_and_login" time="0.646" /><testcase classname="tests.backend_test.TestAuth" name="test_register_admin_forbidden" time="0.096" /><testcase classname="tests.backend_test.TestAuth" name="test_login_owner_and_me" time="0.422" /><testcase classname="tests.backend_test.TestAuth" name="test_me_requires_auth" time="0.110" /><testcase classname="tests.backend_test.TestAuth" name="test_patch_me" time="0.422" /><testcase classname="tests.backend_test.TestCreators" name="test_list_creators" time="0.108" /><testcase classname="tests.backend_test.TestCreators" name="test_filter_by_niche" time="0.096" /><testcase classname="tests.backend_test.TestCreators" name="test_filter_by_platform_and_q" time="0.097" /><testcase classname="tests.backend_test.TestCreators" name="test_get_creator_details" time="0.097" /><testcase classname="tests.backend_test.TestCreators" name="test_get_creator_not_found" time="0.111" /><testcase classname="tests.backend_test.TestCampaigns" name="test_create_campaign_owner" time="0.097" /><testcase classname="tests.backend_test.TestCampaigns" name="test_create_campaign_forbidden_for_creator" time="0.088" /><testcase classname="tests.backend_test.TestCampaigns" name="test_list_campaigns" time="0.093" /><testcase classname="tests.backend_test.TestCampaigns" name="test_list_mine" time="0.104" /><testcase classname="tests.backend_test.TestCampaigns" name="test_get_campaign" time="0.095" /><testcase classname="tests.backend_test.TestApplications" name="test_apply_owner_forbidden" time="0.100" /><testcase classname="tests.backend_test.TestApplications" name="test_apply_creator1" time="0.098" /><testcase classname="tests.backend_test.TestApplications" name="test_apply_duplicate_blocked" time="0.098" /><testcase classname="tests.backend_test.TestApplications" name="test_apply_creator2" time="0.426" /><testcase classname="tests.backend_test.TestApplications" name="test_list_applications_owner_only" time="0.202" /><testcase classname="tests.backend_test.TestApplications" name="test_accept_flips_campaign" time="0.339" /><testcase classname="tests.backend_test.TestInvitations" name="test_create_invitation" time="0.343" /><testcase classname="tests.backend_test.TestInvitations" name="test_duplicate_invite_blocked" time="0.125" /><testcase classname="tests.backend_test.TestInvitations" name="test_my_invitations_enriched" time="0.097" /><testcase classname="tests.backend_test.TestInvitations" name="test_invite_action_counter_then_accept" time="0.291" /><testcase classname="tests.backend_test.TestMessaging" name="test_open_conversation" time="0.093" /><testcase classname="tests.backend_test.TestMessaging" name="test_open_conversation_idempotent" time="0.116" /><testcase classname="tests.backend_test.TestMessaging" name="test_post_and_list_messages" time="68.833" /><testcase classname="tests.backend_test.TestMessaging" name="test_conversations_list_enriched" time="0.104" /><testcase classname="tests.backend_test.TestDeliverables" name="test_non_accepted_creator_cannot_submit" time="0.107" /><testcase classname="tests.backend_test.TestDeliverables" name="test_submit_and_review" time="0.322" /><testcase classname="tests.backend_test.TestDeliverables" name="test_campaign_completes" time="0.104" /><testcase classname="tests.backend_test.TestDeliverables" name="test_list_deliverables_permission" time="0.213" /><testcase classname="tests.backend_test.TestReviews" name="test_create_and_list_review" time="0.198" /><testcase classname="tests.backend_test.TestReviews" name="test_review_rejected_from_outsider" time="0.097" /><testcase classname="tests.backend_test.TestWallet" name="test_owner_wallet" time="0.101" /><testcase classname="tests.backend_test.TestWallet" name="test_deposit_owner_and_creator_forbidden" time="0.213" /><testcase classname="tests.backend_test.TestWallet" name="test_fund_and_release_flow" time="0.706" /><testcase classname="tests.backend_test.TestWallet" name="test_creator_withdraw" time="0.188" /><testcase classname="tests.backend_test.TestWallet" name="test_release_requires_completed" time="0.418" /><testcase classname="tests.backend_test.TestWallet" name="test_fund_forbidden_non_owner" time="0.106" /><testcase classname="tests.backend_test.TestAdmin" name="test_admin_users_requires_admin" time="0.520" /><testcase classname="tests.backend_test.TestAdmin" name="test_admin_campaigns" time="0.124" /><testcase classname="tests.backend_test.TestAdmin" name="test_admin_verify_user" time="0.222" /><testcase classname="tests.backend_test.TestAdmin" name="test_admin_delete_campaign" time="0.304" /><testcase classname="tests.backend_test.TestAI" name="test_campaign_builder" time="6.685" /><testcase classname="tests.backend_test.TestAI" name="test_campaign_builder_forbidden_creator" time="0.112" /><testcase classname="tests.backend_test.TestAI" name="test_match_score" time="5.333" /></testsuite></testsuites>